This is pdfTeX, Version 3.14159265-2.6-1.40.19 (MiKTeX 2.9.6630 64-bit) (preloaded format=pdflatex 2019.10.12)  23 OCT 2019 17:52
entering extended mode
**./main.tex
(main.tex
LaTeX2e <2017-04-15>
Babel <3.18> and hyphenation patterns for 75 language(s) loaded.
(wileySix.cls


 Wiley Book Style, Design No.: SD 001C
 and SD 004B
 
 Written by Amy Hendrickson, TeXnology, Inc.
 
 This version is dated Feb 16, 2011


\phspace=\dimen102
\SpaceAboveChapterNumber=\dimen103
\savefootnotenumber=\count79
\ftnum=\count80
\saveftnum=\count81
\c@chapapp=\count82
\c@part=\count83
\c@chapter=\count84
\c@section=\count85
\c@subsection=\count86
\c@subsubsection=\count87
\c@paragraph=\count88
\c@subparagraph=\count89
\c@figure=\count90
\c@table=\count91
\abovecaptionskip=\skip41
\belowcaptionskip=\skip42
\partskip=\skip43
\tabandfigskip=\skip44
\footnum=\count92
\savefootnum=\count93
\@indexfile=\write3
\openout3 = `main.idx'.

Writing index file main.idx
\iletterskip=\skip45
\timing=\count94
\hourcount=\count95
\oldtime=\count96
\probcount=\count97
\subprobcount=\count98
\c@subproblem=\count99
\c@subproblem=\count100
\widthofcropmarks=\dimen104
\raisetopcropmarks=\dimen105
\raisebottomcropmarks=\dimen106
\movecropmarksright=\dimen107
\c@theorem=\count101
\c@appfootnote=\count102
\slugwidth=\dimen108
\slugheight=\dimen109
\slugdepth=\dimen110
\c@exampnum=\count103
\c@algo=\count104
\c@algorithm=\count105
\chapskip=\dimen111
\chapheight=\dimen112
\authorskip=\dimen113
)
("C:\Users\USER\AppData\Local\Programs\MiKTeX 2.9\tex\latex\graphics\graphicx.s
ty"
Package: graphicx 2017/06/01 v1.1a Enhanced LaTeX Graphics (DPC,SPQR)

("C:\Users\USER\AppData\Local\Programs\MiKTeX 2.9\tex\latex\graphics\keyval.sty
"
Package: keyval 2014/10/28 v1.15 key=value parser (DPC)
\KV@toks@=\toks14
)
("C:\Users\USER\AppData\Local\Programs\MiKTeX 2.9\tex\latex\graphics\graphics.s
ty"
Package: graphics 2017/06/25 v1.2c Standard LaTeX Graphics (DPC,SPQR)

("C:\Users\USER\AppData\Local\Programs\MiKTeX 2.9\tex\latex\graphics\trig.sty"
Package: trig 2016/01/03 v1.10 sin cos tan (DPC)
)
("C:\Users\USER\AppData\Local\Programs\MiKTeX 2.9\tex\latex\graphics-cfg\graphi
cs.cfg"
File: graphics.cfg 2016/06/04 v1.11 sample graphics configuration
)
Package graphics Info: Driver file: pdftex.def on input line 99.

("C:\Users\USER\AppData\Local\Programs\MiKTeX 2.9\tex\latex\graphics-def\pdftex
.def"
File: pdftex.def 2018/01/08 v1.0l Graphics/color driver for pdftex
))
\Gin@req@height=\dimen114
\Gin@req@width=\dimen115
)
("C:\Users\USER\AppData\Local\Programs\MiKTeX 2.9\tex\latex\listings\listings.s
ty"
\lst@mode=\count106
\lst@gtempboxa=\box26
\lst@token=\toks15
\lst@length=\count107
\lst@currlwidth=\dimen116
\lst@column=\count108
\lst@pos=\count109
\lst@lostspace=\dimen117
\lst@width=\dimen118
\lst@newlines=\count110
\lst@lineno=\count111
\lst@maxwidth=\dimen119

("C:\Users\USER\AppData\Local\Programs\MiKTeX 2.9\tex\latex\listings\lstmisc.st
y"
File: lstmisc.sty 2019/09/10 1.8c (Carsten Heinz)
\c@lstnumber=\count112
\lst@skipnumbers=\count113
\lst@framebox=\box27
)
("C:\Users\USER\AppData\Local\Programs\MiKTeX 2.9\tex\latex\listings\listings.c
fg"
File: listings.cfg 2019/09/10 1.8c listings configuration
))
Package: listings 2019/09/10 1.8c (Carsten Heinz)

("C:\Users\USER\AppData\Local\Programs\MiKTeX 2.9\tex\latex\float\float.sty"
Package: float 2001/11/08 v1.3d Float enhancements (AL)
\c@float@type=\count114
\float@exts=\toks16
\float@box=\box28
\@float@everytoks=\toks17
\@floatcapt=\box29
)
("C:\Users\USER\AppData\Local\Programs\MiKTeX 2.9\tex\latex\hyperref\hyperref.s
ty"
Package: hyperref 2018/02/06 v6.86b Hypertext links for LaTeX

("C:\Users\USER\AppData\Local\Programs\MiKTeX 2.9\tex\generic\oberdiek\hobsub-h
yperref.sty"
Package: hobsub-hyperref 2016/05/16 v1.14 Bundle oberdiek, subset hyperref (HO)


("C:\Users\USER\AppData\Local\Programs\MiKTeX 2.9\tex\generic\oberdiek\hobsub-g
eneric.sty"
Package: hobsub-generic 2016/05/16 v1.14 Bundle oberdiek, subset generic (HO)
Package: hobsub 2016/05/16 v1.14 Construct package bundles (HO)
Package: infwarerr 2016/05/16 v1.4 Providing info/warning/error messages (HO)
Package: ltxcmds 2016/05/16 v1.23 LaTeX kernel commands for general use (HO)
Package: ifluatex 2016/05/16 v1.4 Provides the ifluatex switch (HO)
Package ifluatex Info: LuaTeX not detected.
Package: ifvtex 2016/05/16 v1.6 Detect VTeX and its facilities (HO)
Package ifvtex Info: VTeX not detected.
Package: intcalc 2016/05/16 v1.2 Expandable calculations with integers (HO)
Package: ifpdf 2017/03/15 v3.2 Provides the ifpdf switch
Package: etexcmds 2016/05/16 v1.6 Avoid name clashes with e-TeX commands (HO)
Package etexcmds Info: Could not find \expanded.
(etexcmds)             That can mean that you are not using pdfTeX 1.50 or
(etexcmds)             that some package has redefined \expanded.
(etexcmds)             In the latter case, load this package earlier.
Package: kvsetkeys 2016/05/16 v1.17 Key value parser (HO)
Package: kvdefinekeys 2016/05/16 v1.4 Define keys (HO)
Package: pdftexcmds 2018/01/21 v0.26 Utility functions of pdfTeX for LuaTeX (HO
)
Package pdftexcmds Info: LuaTeX not detected.
Package pdftexcmds Info: \pdf@primitive is available.
Package pdftexcmds Info: \pdf@ifprimitive is available.
Package pdftexcmds Info: \pdfdraftmode found.
Package: pdfescape 2016/05/16 v1.14 Implements pdfTeX's escape features (HO)
Package: bigintcalc 2016/05/16 v1.4 Expandable calculations on big integers (HO
)
Package: bitset 2016/05/16 v1.2 Handle bit-vector datatype (HO)
Package: uniquecounter 2016/05/16 v1.3 Provide unlimited unique counter (HO)
)
Package hobsub Info: Skipping package `hobsub' (already loaded).
Package: letltxmacro 2016/05/16 v1.5 Let assignment for LaTeX macros (HO)
Package: hopatch 2016/05/16 v1.3 Wrapper for package hooks (HO)
Package: xcolor-patch 2016/05/16 xcolor patch
Package: atveryend 2016/05/16 v1.9 Hooks at the very end of document (HO)
Package: atbegshi 2016/06/09 v1.18 At begin shipout hook (HO)
Package: refcount 2016/05/16 v3.5 Data extraction from label references (HO)
Package: hycolor 2016/05/16 v1.8 Color options for hyperref/bookmark (HO)
)
("C:\Users\USER\AppData\Local\Programs\MiKTeX 2.9\tex\generic\ifxetex\ifxetex.s
ty"
Package: ifxetex 2010/09/12 v0.6 Provides ifxetex conditional
)
("C:\Users\USER\AppData\Local\Programs\MiKTeX 2.9\tex\latex\oberdiek\auxhook.st
y"
Package: auxhook 2016/05/16 v1.4 Hooks for auxiliary files (HO)


Package auxhook Warning: Cannot patch \document,
(auxhook)                using \AtBeginDocument instead.

)
("C:\Users\USER\AppData\Local\Programs\MiKTeX 2.9\tex\latex\oberdiek\kvoptions.
sty"
Package: kvoptions 2016/05/16 v3.12 Key value format for package options (HO)
)
\@linkdim=\dimen120
\Hy@linkcounter=\count115
\Hy@pagecounter=\count116

("C:\Users\USER\AppData\Local\Programs\MiKTeX 2.9\tex\latex\hyperref\pd1enc.def
"
File: pd1enc.def 2018/02/06 v6.86b Hyperref: PDFDocEncoding definition (HO)
)
\Hy@SavedSpaceFactor=\count117

("C:\Users\USER\AppData\Local\Programs\MiKTeX 2.9\tex\latex\00miktex\hyperref.c
fg"
File: hyperref.cfg 2002/06/06 v1.2 hyperref configuration of TeXLive
)
Package hyperref Info: Option `colorlinks' set `true' on input line 4383.
Package hyperref Info: Hyper figures OFF on input line 4509.
Package hyperref Info: Link nesting OFF on input line 4514.
Package hyperref Info: Hyper index ON on input line 4517.
Package hyperref Info: Plain pages OFF on input line 4524.
Package hyperref Info: Backreferencing OFF on input line 4529.
Package hyperref Info: Implicit mode ON; LaTeX internals redefined.
Package hyperref Info: Bookmarks ON on input line 4762.
\c@Hy@tempcnt=\count118
 ("C:\Users\USER\AppData\Local\Programs\MiKTeX 2.9\tex\latex\url\url.sty"
\Urlmuskip=\muskip10
Package: url 2013/09/16  ver 3.4  Verb mode for urls, etc.
)
LaTeX Info: Redefining \url on input line 5115.
\XeTeXLinkMargin=\dimen121
\Fld@menulength=\count119
\Field@Width=\dimen122
\Fld@charsize=\dimen123
Package hyperref Info: Hyper figures OFF on input line 6369.
Package hyperref Info: Link nesting OFF on input line 6374.
Package hyperref Info: Hyper index ON on input line 6377.
Package hyperref Info: backreferencing OFF on input line 6384.
Package hyperref Info: Link coloring ON on input line 6387.
Package hyperref Info: Link coloring with OCG OFF on input line 6394.
Package hyperref Info: PDF/A mode OFF on input line 6399.
LaTeX Info: Redefining \ref on input line 6439.
LaTeX Info: Redefining \pageref on input line 6443.
\Hy@abspage=\count120
\c@Item=\count121
\c@Hfootnote=\count122
)
Package hyperref Info: Driver (autodetected): hpdftex.

("C:\Users\USER\AppData\Local\Programs\MiKTeX 2.9\tex\latex\hyperref\hpdftex.de
f"
File: hpdftex.def 2018/02/06 v6.86b Hyperref driver for pdfTeX
\Fld@listcount=\count123
\c@bookmark@seq@number=\count124

("C:\Users\USER\AppData\Local\Programs\MiKTeX 2.9\tex\latex\oberdiek\rerunfilec
heck.sty"
Package: rerunfilecheck 2016/05/16 v1.8 Rerun checks for auxiliary files (HO)
Package uniquecounter Info: New unique counter `rerunfilecheck' on input line 2
82.
)
\Hy@SectionHShift=\skip46
)
("C:\Users\USER\AppData\Local\Programs\MiKTeX 2.9\tex\latex\graphics\color.sty"
Package: color 2016/07/10 v1.1e Standard LaTeX Color (DPC)

("C:\Users\USER\AppData\Local\Programs\MiKTeX 2.9\tex\latex\graphics-cfg\color.
cfg"
File: color.cfg 2016/01/02 v1.6 sample color configuration
)
Package color Info: Driver file: pdftex.def on input line 147.
)
("C:\Users\USER\AppData\Local\Programs\MiKTeX 2.9\tex\latex\base\textcomp.sty"
Package: textcomp 2017/04/05 v2.0i Standard LaTeX package
Package textcomp Info: Sub-encoding information:
(textcomp)               5 = only ISO-Adobe without \textcurrency
(textcomp)               4 = 5 + \texteuro
(textcomp)               3 = 4 + \textohm
(textcomp)               2 = 3 + \textestimated + \textcurrency
(textcomp)               1 = TS1 - \textcircled - \t
(textcomp)               0 = TS1 (full)
(textcomp)             Font families with sub-encoding setting implement
(textcomp)             only a restricted character set as indicated.
(textcomp)             Family '?' is the default used for unknown fonts.
(textcomp)             See the documentation for details.
Package textcomp Info: Setting ? sub-encoding to TS1/1 on input line 79.

("C:\Users\USER\AppData\Local\Programs\MiKTeX 2.9\tex\latex\base\ts1enc.def"
File: ts1enc.def 2001/06/05 v3.0e (jk/car/fm) Standard LaTeX file
)
LaTeX Info: Redefining \oldstylenums on input line 334.
Package textcomp Info: Setting cmr sub-encoding to TS1/0 on input line 349.
Package textcomp Info: Setting cmss sub-encoding to TS1/0 on input line 350.
Package textcomp Info: Setting cmtt sub-encoding to TS1/0 on input line 351.
Package textcomp Info: Setting cmvtt sub-encoding to TS1/0 on input line 352.
Package textcomp Info: Setting cmbr sub-encoding to TS1/0 on input line 353.
Package textcomp Info: Setting cmtl sub-encoding to TS1/0 on input line 354.
Package textcomp Info: Setting ccr sub-encoding to TS1/0 on input line 355.
Package textcomp Info: Setting ptm sub-encoding to TS1/4 on input line 356.
Package textcomp Info: Setting pcr sub-encoding to TS1/4 on input line 357.
Package textcomp Info: Setting phv sub-encoding to TS1/4 on input line 358.
Package textcomp Info: Setting ppl sub-encoding to TS1/3 on input line 359.
Package textcomp Info: Setting pag sub-encoding to TS1/4 on input line 360.
Package textcomp Info: Setting pbk sub-encoding to TS1/4 on input line 361.
Package textcomp Info: Setting pnc sub-encoding to TS1/4 on input line 362.
Package textcomp Info: Setting pzc sub-encoding to TS1/4 on input line 363.
Package textcomp Info: Setting bch sub-encoding to TS1/4 on input line 364.
Package textcomp Info: Setting put sub-encoding to TS1/5 on input line 365.
Package textcomp Info: Setting uag sub-encoding to TS1/5 on input line 366.
Package textcomp Info: Setting ugq sub-encoding to TS1/5 on input line 367.
Package textcomp Info: Setting ul8 sub-encoding to TS1/4 on input line 368.
Package textcomp Info: Setting ul9 sub-encoding to TS1/4 on input line 369.
Package textcomp Info: Setting augie sub-encoding to TS1/5 on input line 370.
Package textcomp Info: Setting dayrom sub-encoding to TS1/3 on input line 371.
Package textcomp Info: Setting dayroms sub-encoding to TS1/3 on input line 372.

Package textcomp Info: Setting pxr sub-encoding to TS1/0 on input line 373.
Package textcomp Info: Setting pxss sub-encoding to TS1/0 on input line 374.
Package textcomp Info: Setting pxtt sub-encoding to TS1/0 on input line 375.
Package textcomp Info: Setting txr sub-encoding to TS1/0 on input line 376.
Package textcomp Info: Setting txss sub-encoding to TS1/0 on input line 377.
Package textcomp Info: Setting txtt sub-encoding to TS1/0 on input line 378.
Package textcomp Info: Setting lmr sub-encoding to TS1/0 on input line 379.
Package textcomp Info: Setting lmdh sub-encoding to TS1/0 on input line 380.
Package textcomp Info: Setting lmss sub-encoding to TS1/0 on input line 381.
Package textcomp Info: Setting lmssq sub-encoding to TS1/0 on input line 382.
Package textcomp Info: Setting lmvtt sub-encoding to TS1/0 on input line 383.
Package textcomp Info: Setting lmtt sub-encoding to TS1/0 on input line 384.
Package textcomp Info: Setting qhv sub-encoding to TS1/0 on input line 385.
Package textcomp Info: Setting qag sub-encoding to TS1/0 on input line 386.
Package textcomp Info: Setting qbk sub-encoding to TS1/0 on input line 387.
Package textcomp Info: Setting qcr sub-encoding to TS1/0 on input line 388.
Package textcomp Info: Setting qcs sub-encoding to TS1/0 on input line 389.
Package textcomp Info: Setting qpl sub-encoding to TS1/0 on input line 390.
Package textcomp Info: Setting qtm sub-encoding to TS1/0 on input line 391.
Package textcomp Info: Setting qzc sub-encoding to TS1/0 on input line 392.
Package textcomp Info: Setting qhvc sub-encoding to TS1/0 on input line 393.
Package textcomp Info: Setting futs sub-encoding to TS1/4 on input line 394.
Package textcomp Info: Setting futx sub-encoding to TS1/4 on input line 395.
Package textcomp Info: Setting futj sub-encoding to TS1/4 on input line 396.
Package textcomp Info: Setting hlh sub-encoding to TS1/3 on input line 397.
Package textcomp Info: Setting hls sub-encoding to TS1/3 on input line 398.
Package textcomp Info: Setting hlst sub-encoding to TS1/3 on input line 399.
Package textcomp Info: Setting hlct sub-encoding to TS1/5 on input line 400.
Package textcomp Info: Setting hlx sub-encoding to TS1/5 on input line 401.
Package textcomp Info: Setting hlce sub-encoding to TS1/5 on input line 402.
Package textcomp Info: Setting hlcn sub-encoding to TS1/5 on input line 403.
Package textcomp Info: Setting hlcw sub-encoding to TS1/5 on input line 404.
Package textcomp Info: Setting hlcf sub-encoding to TS1/5 on input line 405.
Package textcomp Info: Setting pplx sub-encoding to TS1/3 on input line 406.
Package textcomp Info: Setting pplj sub-encoding to TS1/3 on input line 407.
Package textcomp Info: Setting ptmx sub-encoding to TS1/4 on input line 408.
Package textcomp Info: Setting ptmj sub-encoding to TS1/4 on input line 409.
)
("C:\Users\USER\AppData\Local\Programs\MiKTeX 2.9\tex\latex\listings\lstlang1.s
ty"
File: lstlang1.sty 2019/09/10 1.8c listings language file
) (w-bookps.sty


 Using PostScript Fonts

 Wiley Monograph/Edited Book Style
 Feb 16, 2012

 
)
\sectsavebox=\box30
LaTeX Font Info:    External font `cmex10' loaded for size
(Font)              <7> on input line 125.
LaTeX Font Info:    External font `cmex10' loaded for size
(Font)              <5> on input line 125.
 (main.aux)
\openout1 = `main.aux'.

LaTeX Font Info:    Checking defaults for OML/cmm/m/it on input line 130.
LaTeX Font Info:    ... okay on input line 130.
LaTeX Font Info:    Checking defaults for T1/cmr/m/n on input line 130.
LaTeX Font Info:    ... okay on input line 130.
LaTeX Font Info:    Checking defaults for OT1/cmr/m/n on input line 130.
LaTeX Font Info:    ... okay on input line 130.
LaTeX Font Info:    Checking defaults for OMS/cmsy/m/n on input line 130.
LaTeX Font Info:    ... okay on input line 130.
LaTeX Font Info:    Checking defaults for OMX/cmex/m/n on input line 130.
LaTeX Font Info:    ... okay on input line 130.
LaTeX Font Info:    Checking defaults for U/cmr/m/n on input line 130.
LaTeX Font Info:    ... okay on input line 130.
LaTeX Font Info:    Checking defaults for PD1/pdf/m/n on input line 130.
LaTeX Font Info:    ... okay on input line 130.
LaTeX Font Info:    Checking defaults for TS1/cmr/m/n on input line 130.
LaTeX Font Info:    Try loading font information for TS1+cmr on input line 130.


("C:\Users\USER\AppData\Local\Programs\MiKTeX 2.9\tex\latex\base\ts1cmr.fd"
File: ts1cmr.fd 2014/09/29 v2.5h Standard LaTeX font definitions
)
LaTeX Font Info:    ... okay on input line 130.
LaTeX Font Info:    Try loading font information for OT1+ptm on input line 130.


("C:\Users\USER\AppData\Local\Programs\MiKTeX 2.9\tex\latex\psnfss\ot1ptm.fd"
File: ot1ptm.fd 2001/06/04 font definitions for OT1/ptm.
)
("C:\Users\USER\AppData\Local\Programs\MiKTeX 2.9\tex\context\base\mkii\supp-pd
f.mkii"
[Loading MPS to PDF converter (version 2006.09.02).]
\scratchcounter=\count125
\scratchdimen=\dimen124
\scratchbox=\box31
\nofMPsegments=\count126
\nofMParguments=\count127
\everyMPshowfont=\toks18
\MPscratchCnt=\count128
\MPscratchDim=\dimen125
\MPnumerator=\count129
\makeMPintoPDFobject=\count130
\everyMPtoPDFconversion=\toks19
)
("C:\Users\USER\AppData\Local\Programs\MiKTeX 2.9\tex\latex\oberdiek\epstopdf-b
ase.sty"
Package: epstopdf-base 2016/05/15 v2.6 Base part for package epstopdf

("C:\Users\USER\AppData\Local\Programs\MiKTeX 2.9\tex\latex\oberdiek\grfext.sty
"
Package: grfext 2016/05/16 v1.2 Manage graphics extensions (HO)
)
Package epstopdf-base Info: Redefining graphics rule for `.eps' on input line 4
38.
Package grfext Info: Graphics extension search list:
(grfext)             [.pdf,.png,.jpg,.mps,.jpeg,.jbig2,.jb2,.PDF,.PNG,.JPG,.JPE
G,.JBIG2,.JB2,.eps]
(grfext)             \AppendGraphicsExtensions on input line 456.
)
\c@lstlisting=\count131
\AtBeginShipoutBox=\box32
Package hyperref Info: Link coloring ON on input line 130.

("C:\Users\USER\AppData\Local\Programs\MiKTeX 2.9\tex\latex\hyperref\nameref.st
y"
Package: nameref 2016/05/21 v2.44 Cross-referencing by name of section

("C:\Users\USER\AppData\Local\Programs\MiKTeX 2.9\tex\generic\oberdiek\gettitle
string.sty"
Package: gettitlestring 2016/05/16 v1.5 Cleanup title references (HO)
)
\c@section@level=\count132
)
LaTeX Info: Redefining \ref on input line 130.
LaTeX Info: Redefining \pageref on input line 130.
LaTeX Info: Redefining \nameref on input line 130.
 (main.out) (main.out)
\@outlinefile=\write4
\openout4 = `main.out'.

LaTeX Font Info:    Font shape `OT1/ptm/bx/n' in size <17.28> not available
(Font)              Font shape `OT1/ptm/b/n' tried instead on input line 149.

Overfull \hbox (29.15398pt too wide) in paragraph at lines 149--149
\subtitlefont SIG (SIS-TEM IN-FOR-MASI GE-OGRAFIS) 
 []

[1{C:/Users/USER/AppData/Local/MiKTeX/2.9/pdftex/config/pdftex.map}]
(info/copyrightpage.tex)
Underfull \hbox (badness 10000) in paragraph at lines 156--156

 []


Underfull \hbox (badness 10000) in paragraph at lines 156--156

 []


Underfull \hbox (badness 10000) in paragraph at lines 156--156

 []


Underfull \hbox (badness 10000) in paragraph at lines 156--156

 []

[2] [3

]
LaTeX Font Info:    Font shape `OT1/ptm/bx/n' in size <14.4> not available
(Font)              Font shape `OT1/ptm/b/n' tried instead on input line 162.
 (info/contributors.tex) [5] [6

] (main.toc) [7] [8

] (main.toc
Underfull \hbox (badness 10000) in paragraph at lines 10--10
 [] []  
 []

[9])
\tf@toc=\write5
\openout5 = `main.toc'.


Overfull \vbox (4.85098pt too high) has occurred while \output is active []


Underfull \hbox (badness 10000) has occurred while \output is active
[]
 []

[10]

Package hyperref Warning: bookmark level for unknown schapter defaults to 0.

(main.lof [11

])
\tf@lof=\write6
\openout6 = `main.lof'.


Overfull \vbox (4.85098pt too high) has occurred while \output is active []


Underfull \hbox (badness 10000) has occurred while \output is active
[]
 []

[12] (main.lot)
\tf@lot=\write7
\openout7 = `main.lot'.

 [13

] [14

] (main.lol
Underfull \vbox (badness 10000) has occurred while \output is active []

 [15])
\tf@lol=\write8
\openout8 = `main.lol'.


Overfull \vbox (4.85098pt too high) has occurred while \output is active []


Underfull \hbox (badness 10000) has occurred while \output is active
[]
 []

[16] (info/foreword.tex) [17

] [18

] (info/preface.tex) [19] [20

]
(info/acknowledgments.tex [21]) [22

] (info/acronyms.tex)
LaTeX Font Info:    Try loading font information for TS1+ptm on input line 188.


("C:\Users\USER\AppData\Local\Programs\MiKTeX 2.9\tex\latex\psnfss\ts1ptm.fd"
File: ts1ptm.fd 2001/06/04 font definitions for TS1/ptm.
)
[23] [24

] (info/glossary.tex) [25] [26

] (info/symbols.tex) [27] [28

]
(info/introduction.tex

Package hyperref Warning: bookmark level for unknown ichapter defaults to 0.

LaTeX Font Info:    Font shape `OT1/ptm/bx/n' in size <10> not available
(Font)              Font shape `OT1/ptm/b/n' tried instead on input line 13.

LaTeX Warning: Citation `awangga2018sampeu' on page xxix undefined on input lin
e 13.

) [29] [30

]
Bab 1.
LaTeX Font Info:    External font `cmex10' loaded for size
(Font)              <14.4> on input line 203.
[1] [2

]
Bab 2.
(chapters/tugas2/1174008.tex) (chapters/tugas2/1174004.tex)
(chapters/tugas2/1174012.tex) (chapters/tugas2/1174025.tex)
(chapters/tugas2/1174003.tex) (chapters/tugas2/1174009.tex)
(chapters/tugas2/1174051.tex) (chapters/tugas2/1174026.tex)
(chapters/tugas2/1174002.tex) (chapters/tugas2/1174027.tex
LaTeX Font Info:    Font shape `OT1/ptm/bx/n' in size <12> not available
(Font)              Font shape `OT1/ptm/b/n' tried instead on input line 1.

(src/1174027/2/praktikum.py)
Underfull \vbox (badness 1215) has occurred while \output is active []

 [3]
<figures/1174027/2/soal1.png, id=362, 586.44093pt x 463.7325pt>
File: figures/1174027/2/soal1.png Graphic file (type png)
<use figures/1174027/2/soal1.png>
Package pdftex.def Info: figures/1174027/2/soal1.png  used on input line 17.
(pdftex.def)             Requested size: 113.81102pt x 89.9923pt.

Underfull \hbox (badness 10000) in paragraph at lines 15--20

 []

(src/1174027/2/praktikum.py)
Overfull \hbox (3.59811pt too wide) in paragraph at lines 26--27
\OT1/ptm/m/n/10 Dengan pa-ram-e-ter nama out-put-nya dan shapeType-nya(shapeTyp
e bisa meng-
 []


Overfull \vbox (6.372pt too high) has occurred while \output is active []


Underfull \hbox (badness 10000) has occurred while \output is active
[]
 []

[4 <./figures/1174027/2/soal1.png>]
<figures/1174027/2/soal2.png, id=380, 447.17062pt x 386.19281pt>
File: figures/1174027/2/soal2.png Graphic file (type png)
<use figures/1174027/2/soal2.png>
Package pdftex.def Info: figures/1174027/2/soal2.png  used on input line 35.
(pdftex.def)             Requested size: 113.81102pt x 98.29224pt.

Underfull \hbox (badness 10000) in paragraph at lines 33--38

 []

(src/1174027/2/praktikum.py)
Overfull \hbox (3.59811pt too wide) in paragraph at lines 44--45
\OT1/ptm/m/n/10 Dengan pa-ram-e-ter nama out-put-nya dan shapeType-nya(shapeTyp
e bisa meng-
 []


Overfull \hbox (14.9576pt too wide) in paragraph at lines 45--46
[]\OT1/ptm/m/n/10 untuk baris ketiga hingga ke-lima di-gu-nakan un-tuk menen-tu
kan je-nis shapeType-
 []


Overfull \vbox (6.372pt too high) has occurred while \output is active []


Underfull \hbox (badness 10000) has occurred while \output is active
[]
 []

[5 <./figures/1174027/2/soal2.png>]
Overfull \hbox (24.22731pt too wide) in paragraph at lines 47--48
[]\OT1/ptm/m/n/10 Untuk baris kede-la-pan dan ke-sem-bi-lan di-gu-nakan un-tuk 
meng-in-putkan data,sesuai
 []


Overfull \hbox (16.31755pt too wide) in paragraph at lines 50--51
[]\OT1/ptm/m/n/10 Untuk Baris ke-du-a-belas di-gu-nakan un-tuk men-gakhiri pros
es pem-bu-atan PYSHP. 
 []

<figures/1174027/2/soal3.png, id=399, 334.24875pt x 309.40594pt>
File: figures/1174027/2/soal3.png Graphic file (type png)
<use figures/1174027/2/soal3.png>
Package pdftex.def Info: figures/1174027/2/soal3.png  used on input line 54.
(pdftex.def)             Requested size: 113.81102pt x 105.35242pt.

Underfull \hbox (badness 10000) in paragraph at lines 52--57

 []

(src/1174027/2/praktikum.py)
Overfull \hbox (3.59811pt too wide) in paragraph at lines 63--64
\OT1/ptm/m/n/10 Dengan pa-ram-e-ter nama out-put-nya dan shapeType-nya(shapeTyp
e bisa meng-
 []


Overfull \vbox (6.372pt too high) has occurred while \output is active []


Underfull \hbox (badness 10000) has occurred while \output is active
[]
 []

[6 <./figures/1174027/2/soal3.png>]
<figures/1174027/2/soal4.png, id=416, 457.71pt x 374.90062pt>
File: figures/1174027/2/soal4.png Graphic file (type png)
<use figures/1174027/2/soal4.png>
Package pdftex.def Info: figures/1174027/2/soal4.png  used on input line 72.
(pdftex.def)             Requested size: 113.81102pt x 93.21579pt.

Underfull \hbox (badness 10000) in paragraph at lines 70--75

 []

(src/1174027/2/praktikum.py)
Overfull \hbox (3.59811pt too wide) in paragraph at lines 81--82
\OT1/ptm/m/n/10 Dengan pa-ram-e-ter nama out-put-nya dan shapeType-nya(shapeTyp
e bisa meng-
 []


Overfull \vbox (6.372pt too high) has occurred while \output is active []


Underfull \hbox (badness 10000) has occurred while \output is active
[]
 []

[7 <./figures/1174027/2/soal4.png>]
Overfull \hbox (2.6177pt too wide) in paragraph at lines 84--85
[]\OT1/ptm/m/n/10 Untuk baris keenam di-gu-nakan un-tuk meng-in-putkan data,ses
uai den-gan jum-
 []


Overfull \hbox (12.42766pt too wide) in paragraph at lines 87--88
[]\OT1/ptm/m/n/10 Untuk Baris kede-la-pan di-gu-nakan un-tuk men-gakhiri proses
 pem-bu-atan PYSHP. 
 []

<figures/1174027/2/soal5.png, id=431, 527.72156pt x 457.71pt>
File: figures/1174027/2/soal5.png Graphic file (type png)
<use figures/1174027/2/soal5.png>
Package pdftex.def Info: figures/1174027/2/soal5.png  used on input line 91.
(pdftex.def)             Requested size: 113.81102pt x 98.70604pt.

Underfull \hbox (badness 10000) in paragraph at lines 89--94

 []

(src/1174027/2/praktikum.py)
Overfull \hbox (3.59811pt too wide) in paragraph at lines 100--101
\OT1/ptm/m/n/10 Dengan pa-ram-e-ter nama out-put-nya dan shapeType-nya(shapeTyp
e bisa meng-
 []


Overfull \hbox (2.6177pt too wide) in paragraph at lines 103--104
[]\OT1/ptm/m/n/10 Untuk baris keenam di-gu-nakan un-tuk meng-in-putkan data,ses
uai den-gan jum-
 []


Overfull \vbox (6.372pt too high) has occurred while \output is active []


Underfull \hbox (badness 10000) has occurred while \output is active
[]
 []

[8 <./figures/1174027/2/soal5.png>]
Overfull \hbox (12.42766pt too wide) in paragraph at lines 106--107
[]\OT1/ptm/m/n/10 Untuk Baris kede-la-pan di-gu-nakan un-tuk men-gakhiri proses
 pem-bu-atan PYSHP. 
 []

<figures/1174027/2/soal6.png, id=447, 481.8pt x 168.63pt>
File: figures/1174027/2/soal6.png Graphic file (type png)
<use figures/1174027/2/soal6.png>
Package pdftex.def Info: figures/1174027/2/soal6.png  used on input line 110.
(pdftex.def)             Requested size: 113.81102pt x 39.8339pt.

Underfull \hbox (badness 10000) in paragraph at lines 108--113

 []

(src/1174027/2/praktikum.py)
Overfull \hbox (3.59811pt too wide) in paragraph at lines 119--120
\OT1/ptm/m/n/10 Dengan pa-ram-e-ter nama out-put-nya dan shapeType-nya(shapeTyp
e bisa meng-
 []


Overfull \hbox (2.6177pt too wide) in paragraph at lines 122--123
[]\OT1/ptm/m/n/10 Untuk baris keenam di-gu-nakan un-tuk meng-in-putkan data,ses
uai den-gan jum-
 []


Overfull \hbox (12.42766pt too wide) in paragraph at lines 125--126
[]\OT1/ptm/m/n/10 Untuk Baris kede-la-pan di-gu-nakan un-tuk men-gakhiri proses
 pem-bu-atan PYSHP. 
 []

<figures/1174027/2/soal7.png, id=448, 475.7775pt x 272.51813pt>
File: figures/1174027/2/soal7.png Graphic file (type png)
<use figures/1174027/2/soal7.png>
Package pdftex.def Info: figures/1174027/2/soal7.png  used on input line 129.
(pdftex.def)             Requested size: 113.81102pt x 65.18945pt.

Underfull \hbox (badness 10000) in paragraph at lines 127--132

 []


Overfull \vbox (6.372pt too high) has occurred while \output is active []


Underfull \hbox (badness 10000) has occurred while \output is active
[]
 []

[9 <./figures/1174027/2/soal6.png>] (src/1174027/2/praktikum.py)
Overfull \hbox (3.59811pt too wide) in paragraph at lines 138--139
\OT1/ptm/m/n/10 Dengan pa-ram-e-ter nama out-put-nya dan shapeType-nya(shapeTyp
e bisa meng-
 []


Overfull \hbox (2.6177pt too wide) in paragraph at lines 141--142
[]\OT1/ptm/m/n/10 Untuk baris keenam di-gu-nakan un-tuk meng-in-putkan data,ses
uai den-gan jum-
 []


Overfull \hbox (12.42766pt too wide) in paragraph at lines 144--145
[]\OT1/ptm/m/n/10 Untuk Baris kede-la-pan di-gu-nakan un-tuk men-gakhiri proses
 pem-bu-atan PYSHP. 
 []

<figures/1174027/2/soal8.png, id=463, 483.30562pt x 215.30438pt>
File: figures/1174027/2/soal8.png Graphic file (type png)
<use figures/1174027/2/soal8.png>
Package pdftex.def Info: figures/1174027/2/soal8.png  used on input line 148.
(pdftex.def)             Requested size: 113.81102pt x 50.69836pt.

Underfull \hbox (badness 10000) in paragraph at lines 146--151

 []


Overfull \vbox (6.372pt too high) has occurred while \output is active []


Underfull \hbox (badness 10000) has occurred while \output is active
[]
 []

[10 <./figures/1174027/2/soal7.png>] (src/1174027/2/praktikum.py)
Overfull \hbox (3.59811pt too wide) in paragraph at lines 157--158
\OT1/ptm/m/n/10 Dengan pa-ram-e-ter nama out-put-nya dan shapeType-nya(shapeTyp
e bisa meng-
 []


Overfull \hbox (12.43767pt too wide) in paragraph at lines 163--164
[]\OT1/ptm/m/n/10 Untuk Baris ke-sepu-luh di-gu-nakan un-tuk men-gakhiri proses
 pem-bu-atan PYSHP. 
 []

<figures/1174027/2/soal9.png, id=478, 393.72093pt x 430.60875pt>
File: figures/1174027/2/soal9.png Graphic file (type png)
<use figures/1174027/2/soal9.png>
Package pdftex.def Info: figures/1174027/2/soal9.png  used on input line 167.
(pdftex.def)             Requested size: 113.81102pt x 124.47252pt.

Underfull \hbox (badness 10000) in paragraph at lines 165--170

 []


Overfull \vbox (6.372pt too high) has occurred while \output is active []


Underfull \hbox (badness 10000) has occurred while \output is active
[]
 []

[11 <./figures/1174027/2/soal8.png>] (src/1174027/2/praktikum.py)
Overfull \hbox (3.59811pt too wide) in paragraph at lines 177--178
\OT1/ptm/m/n/10 Dengan pa-ram-e-ter nama out-put-nya dan shapeType-nya(shapeTyp
e bisa meng-
 []


Overfull \hbox (8.67764pt too wide) in paragraph at lines 180--181
[]\OT1/ptm/m/n/10 Untuk baris ke-tu-juh dan kede-la-pan di-gu-nakan un-tuk meng
-in-putkan data,sesuai
 []


Overfull \vbox (6.372pt too high) has occurred while \output is active []


Underfull \hbox (badness 10000) has occurred while \output is active
[]
 []

[12 <./figures/1174027/2/soal9.png>]
Overfull \hbox (10.20744pt too wide) in paragraph at lines 183--184
[]\OT1/ptm/m/n/10 Untuk Baris ke-se-be-las di-gu-nakan un-tuk men-gakhiri prose
s pem-bu-atan PYSHP. 
 []

<figures/1174027/2/soal10.png, id=517, 558.58687pt x 423.83344pt>
File: figures/1174027/2/soal10.png Graphic file (type png)
<use figures/1174027/2/soal10.png>
Package pdftex.def Info: figures/1174027/2/soal10.png  used on input line 187.
(pdftex.def)             Requested size: 113.81102pt x 86.3561pt.

Underfull \hbox (badness 10000) in paragraph at lines 185--190

 []

<figures/1174027/2/bukti_Unique.png, id=519, 1371.1225pt x 770.88pt>
File: figures/1174027/2/bukti_Unique.png Graphic file (type png)
<use figures/1174027/2/bukti_Unique.png>
Package pdftex.def Info: figures/1174027/2/bukti_Unique.png  used on input line
 196.
(pdftex.def)             Requested size: 113.81102pt x 63.97714pt.
) (chapters/tugas2/1174006.tex) (chapters/tugas2/1174095.tex)
(chapters/tugas2/1174021.tex) (chapters/tugas2/1174096.tex)
(chapters/tugas2/1174005.tex) (chapters/tugas2/1174031.tex)
(chapters/tugas2/1174017.tex) (chapters/tugas2/1174015.tex
(src/1174015/2/No1.py
LaTeX Font Info:    External font `cmex10' loaded for size
(Font)              <8> on input line 1.
LaTeX Font Info:    External font `cmex10' loaded for size
(Font)              <6> on input line 1.

Overfull \vbox (6.372pt too high) has occurred while \output is active []

 [13 <./figures/1174027/2/soal10.png> <./figures/1174027/2/bukti_Unique.png>])
<figures/1174015/2/No1.png, id=536, 1371.1225pt x 770.88pt>
File: figures/1174015/2/No1.png Graphic file (type png)
<use figures/1174015/2/No1.png>
Package pdftex.def Info: figures/1174015/2/No1.png  used on input line 7.
(pdftex.def)             Requested size: 170.71652pt x 95.97159pt.

(src/1174015/2/No2.py
Overfull \vbox (6.372pt too high) has occurred while \output is active []

 [14 <./figures/1174015/2/No1.png>])
<figures/1174015/2/No2.png, id=571, 1371.1225pt x 770.88pt>
File: figures/1174015/2/No2.png Graphic file (type png)
<use figures/1174015/2/No2.png>
Package pdftex.def Info: figures/1174015/2/No2.png  used on input line 14.
(pdftex.def)             Requested size: 170.71652pt x 95.97159pt.
 (src/1174015/2/No3.py)
<figures/1174015/2/No3.png, id=572, 1371.1225pt x 770.88pt>
File: figures/1174015/2/No3.png Graphic file (type png)
<use figures/1174015/2/No3.png>
Package pdftex.def Info: figures/1174015/2/No3.png  used on input line 21.
(pdftex.def)             Requested size: 170.71652pt x 95.97159pt.

Overfull \vbox (6.372pt too high) has occurred while \output is active []


Underfull \hbox (badness 10000) has occurred while \output is active
[]
 []

[15 <./figures/1174015/2/No2.png>] (src/1174015/2/No4.py)
<figures/1174015/2/No4.png, id=604, 1371.1225pt x 770.88pt>
File: figures/1174015/2/No4.png Graphic file (type png)
<use figures/1174015/2/No4.png>
Package pdftex.def Info: figures/1174015/2/No4.png  used on input line 28.
(pdftex.def)             Requested size: 170.71652pt x 95.97159pt.

Underfull \vbox (badness 10000) has occurred while \output is active []


Overfull \vbox (6.372pt too high) has occurred while \output is active []


Underfull \hbox (badness 10000) has occurred while \output is active
[]
 []

[16 <./figures/1174015/2/No3.png>] (src/1174015/2/No5.py)
<figures/1174015/2/No5.png, id=631, 1371.1225pt x 770.88pt>
File: figures/1174015/2/No5.png Graphic file (type png)
<use figures/1174015/2/No5.png>
Package pdftex.def Info: figures/1174015/2/No5.png  used on input line 35.
(pdftex.def)             Requested size: 170.71652pt x 95.97159pt.
 (src/1174015/2/No6.py
Overfull \vbox (6.372pt too high) has occurred while \output is active []

 [17 <./figures/1174015/2/No4.png> <./figures/1174015/2/No5.png>])
<figures/1174015/2/No6.png, id=658, 1371.1225pt x 770.88pt>
File: figures/1174015/2/No6.png Graphic file (type png)
<use figures/1174015/2/No6.png>
Package pdftex.def Info: figures/1174015/2/No6.png  used on input line 42.
(pdftex.def)             Requested size: 170.71652pt x 95.97159pt.
 (src/1174015/2/No7.py
Overfull \vbox (6.372pt too high) has occurred while \output is active []

 [18 <./figures/1174015/2/No6.png>])
<figures/1174015/2/No7.png, id=695, 1371.1225pt x 770.88pt>
File: figures/1174015/2/No7.png Graphic file (type png)
<use figures/1174015/2/No7.png>
Package pdftex.def Info: figures/1174015/2/No7.png  used on input line 49.
(pdftex.def)             Requested size: 170.71652pt x 95.97159pt.
 (src/1174015/2/No8.py)
<figures/1174015/2/No8.png, id=696, 1371.1225pt x 770.88pt>
File: figures/1174015/2/No8.png Graphic file (type png)
<use figures/1174015/2/No8.png>
Package pdftex.def Info: figures/1174015/2/No8.png  used on input line 56.
(pdftex.def)             Requested size: 170.71652pt x 95.97159pt.

Underfull \vbox (badness 2050) has occurred while \output is active []


Overfull \vbox (6.372pt too high) has occurred while \output is active []


Underfull \hbox (badness 10000) has occurred while \output is active
[]
 []

[19 <./figures/1174015/2/No7.png>] (src/1174015/2/No9.py)
<figures/1174015/2/No9.png, id=727, 1371.1225pt x 770.88pt>
File: figures/1174015/2/No9.png Graphic file (type png)
<use figures/1174015/2/No9.png>
Package pdftex.def Info: figures/1174015/2/No9.png  used on input line 63.
(pdftex.def)             Requested size: 170.71652pt x 95.97159pt.

Underfull \vbox (badness 10000) has occurred while \output is active []


Overfull \vbox (6.372pt too high) has occurred while \output is active []


Underfull \hbox (badness 10000) has occurred while \output is active
[]
 []

[20 <./figures/1174015/2/No8.png>] (src/1174015/2/No10.py)
<figures/1174015/2/No10.png, id=755, 1371.1225pt x 770.88pt>
File: figures/1174015/2/No10.png Graphic file (type png)
<use figures/1174015/2/No10.png>
Package pdftex.def Info: figures/1174015/2/No10.png  used on input line 70.
(pdftex.def)             Requested size: 170.71652pt x 95.97159pt.
)
(chapters/tugas2/1154016.tex)
Overfull \vbox (6.372pt too high) has occurred while \output is active []


Underfull \hbox (badness 10000) has occurred while \output is active
[]
 []

[21 <./figures/1174015/2/No9.png> <./figures/1174015/2/No10.png>]
Overfull \vbox (6.372pt too high) has occurred while \output is active []


Underfull \hbox (badness 10000) has occurred while \output is active
[]
 []

[22]
Bab 3.
(chapters/tugas3/1174008.tex) (chapters/tugas3/1174004.tex)
(chapters/tugas3/1174012.tex) (chapters/tugas3/1174025.tex)
(chapters/tugas3/1174003.tex) (chapters/tugas3/1174009.tex)
(chapters/tugas3/1174051.tex) (chapters/tugas3/1174026.tex)
(chapters/tugas3/1174002.tex) (chapters/tugas3/1174027.tex)
(chapters/tugas3/1174006.tex) (chapters/tugas3/1174095.tex)
(chapters/tugas3/1174021.tex) (chapters/tugas3/1174096.tex)
(chapters/tugas3/1174005.tex) (chapters/tugas3/1174031.tex)
(chapters/tugas3/1174017.tex) (chapters/tugas3/1174015.tex)
(chapters/tugas3/1154016.tex) [23

] [24

]
Bab 4.
(chapters/tugas4/1174008.tex) (chapters/tugas4/1174004.tex)
(chapters/tugas4/1174012.tex) (chapters/tugas4/1174025.tex)
(chapters/tugas4/1174003.tex) (chapters/tugas4/1174009.tex)
(chapters/tugas4/1174051.tex) (chapters/tugas4/1174026.tex)
(chapters/tugas4/1174002.tex) (chapters/tugas4/1174027.tex)
(chapters/tugas4/1174006.tex) (chapters/tugas4/1174095.tex)
(chapters/tugas4/1174021.tex) (chapters/tugas4/1174096.tex)
(chapters/tugas4/1174005.tex) (chapters/tugas4/1174031.tex)
(chapters/tugas4/1174017.tex) (chapters/tugas4/1174015.tex)
(chapters/tugas4/1154016.tex) [25] [26

]
Bab 5.
(chapters/tugas5/1174008.tex) (chapters/tugas5/1174004.tex)
(chapters/tugas5/1174012.tex) (chapters/tugas5/1174025.tex)
(chapters/tugas5/1174003.tex) (chapters/tugas5/1174009.tex)
(chapters/tugas5/1174051.tex) (chapters/tugas5/1174026.tex)
(chapters/tugas5/1174002.tex) (chapters/tugas5/1174027.tex)
(chapters/tugas5/1174006.tex) (chapters/tugas5/1174095.tex)
(chapters/tugas5/1174021.tex) (chapters/tugas5/1174096.tex)
(chapters/tugas5/1174005.tex) (chapters/tugas5/1174031.tex)
(chapters/tugas5/1174017.tex) (chapters/tugas5/1174015.tex)
(chapters/tugas5/1154016.tex)
No file main.bbl.
[27] [28

]
No file main.ind.
Package atveryend Info: Empty hook `BeforeClearDocument' on input line 364.
Package atveryend Info: Empty hook `AfterLastShipout' on input line 364.
(main.aux)
Package atveryend Info: Executing hook `AtVeryEndDocument' on input line 364.
Package atveryend Info: Executing hook `AtEndAfterFileList' on input line 364.


Package rerunfilecheck Warning: File `main.out' has changed.
(rerunfilecheck)                Rerun to get outlines right
(rerunfilecheck)                or use package `bookmark'.

Package rerunfilecheck Info: Checksums for `main.out':
(rerunfilecheck)             Before: 7C59518D700210F633445507AF6DDC2B;1262
(rerunfilecheck)             After:  4FC7E9541C4CC6CE7698871086C9A90D;1249.

LaTeX Warning: There were undefined references.

 ) 
Here is how much of TeX's memory you used:
 8121 strings out of 493305
 125909 string characters out of 3130236
 525025 words of memory out of 3000000
 10855 multiletter control sequences out of 15000+200000
 62424 words of font info for 118 fonts, out of 3000000 for 9000
 1141 hyphenation exceptions out of 8191
 32i,10n,47p,282b,1744s stack positions out of 5000i,500n,10000p,200000b,50000s
{C:/Users/USER/AppData/Local/Programs/MiKTeX 2.9/fonts/enc/dvips/base/8r.enc}
<C:/Users/USER/AppData/Local/Programs/MiKTeX 2.9/fonts/type1/public/amsfonts/cm
/cmex10.pfb><C:/Users/USER/AppData/Local/Programs/MiKTeX 2.9/fonts/type1/public
/amsfonts/cm/cmmi10.pfb><C:/Users/USER/AppData/Local/Programs/MiKTeX 2.9/fonts/
type1/public/amsfonts/cm/cmmi7.pfb><C:/Users/USER/AppData/Local/Programs/MiKTeX
 2.9/fonts/type1/public/amsfonts/cm/cmr10.pfb><C:/Users/USER/AppData/Local/Prog
rams/MiKTeX 2.9/fonts/type1/public/amsfonts/cm/cmsy10.pfb><C:/Users/USER/AppDat
a/Local/Programs/MiKTeX 2.9/fonts/type1/public/amsfonts/cm/cmsy8.pfb><C:/Users/
USER/AppData/Local/Programs/MiKTeX 2.9/fonts/type1/urw/helvetic/uhvb8a.pfb><C:/
Users/USER/AppData/Local/Programs/MiKTeX 2.9/fonts/type1/urw/helvetic/uhvr8a.pf
b><C:/Users/USER/AppData/Local/Programs/MiKTeX 2.9/fonts/type1/urw/times/utmb8a
.pfb><C:/Users/USER/AppData/Local/Programs/MiKTeX 2.9/fonts/type1/urw/times/utm
bi8a.pfb><C:/Users/USER/AppData/Local/Programs/MiKTeX 2.9/fonts/type1/urw/times
/utmr8a.pfb><C:/Users/USER/AppData/Local/Programs/MiKTeX 2.9/fonts/type1/urw/ti
mes/utmri8a.pfb>
Output written on main.pdf (57 pages, 1379438 bytes).
PDF statistics:
 944 PDF objects out of 1000 (max. 8388607)
 437 named destinations out of 1000 (max. 500000)
 282 words of extra memory for PDF output out of 10000 (max. 10000000)

