\BOOKMARK [0][-]{chapter*.4}{Daftar Gambar}{}% 1
\BOOKMARK [0][-]{chapter*.5}{Daftar Tabel}{}% 2
\BOOKMARK [0][-]{chapter*.7}{Foreword}{}% 3
\BOOKMARK [0][-]{chapter*.8}{Kata Pengantar}{}% 4
\BOOKMARK [0][-]{chapter*.9}{Acknowledgments}{}% 5
\BOOKMARK [0][-]{chapter*.10}{Acronyms}{}% 6
\BOOKMARK [0][-]{chapter*.11}{Glossary}{}% 7
\BOOKMARK [0][-]{chapter*.12}{List of Symbols}{}% 8
\BOOKMARK [0][-]{chapter*.13}{Introduction}{}% 9
\BOOKMARK [0][-]{chapter*.13}{Rolly Maulana Awangga, S.T., M.T.}{}% 10
\BOOKMARK [0][-]{chapter.1}{Tugas Pertama}{}% 11
\BOOKMARK [0][-]{chapter.2}{Tugas Kedua}{}% 12
\BOOKMARK [1][-]{section.2.1}{Harun Ar - Rasyid\(1174027\)}{chapter.2}% 13
\BOOKMARK [2][-]{subsection.2.1.1}{PYSHP Writer}{section.2.1}% 14
\BOOKMARK [2][-]{subsection.2.1.2}{Link Youtube}{section.2.1}% 15
\BOOKMARK [2][-]{subsection.2.1.3}{Plagiarism}{section.2.1}% 16
\BOOKMARK [1][-]{section.2.2}{Sri Rahayu \(1174015\)}{chapter.2}% 17
\BOOKMARK [2][-]{subsection.2.2.1}{Menulis Shapefile dengan PySHP}{section.2.2}% 18
\BOOKMARK [2][-]{subsection.2.2.2}{Link}{section.2.2}% 19
\BOOKMARK [0][-]{chapter.3}{Tugas Ketiga}{}% 20
\BOOKMARK [0][-]{chapter.4}{Tugas Keempat}{}% 21
\BOOKMARK [0][-]{chapter.5}{Tugas Kelima}{}% 22
